>>>>>>>>>>>>>>>>>>>>>>>>>>>>>>>>>>>>>>>>>>>>>> update log <<<<<<<<<<<<<<<<<<<<<<<<<<<<<<<<<<<<<<<<<<<<
======================================================================================================
|       DATE       |  NAME  |      FILE/Dir       |                    EVENTS                        | 
|----------------------------------------------------------------------------------------------------|
|    2020-10-14    |  Mocki |    AndroidDemo      |   build AndroidDemo & commite video of Demo-game |
|----------------------------------------------------------------------------------------------------|
|    2020-10-21    |  Mocki |      *.uasset       |   commite Animations & Materials,                |
|                  |        |                     |   update BluePrints For Test                     |                          |
|----------------------------------------------------------------------------------------------------|
|    2020-10-25    |  Mocki |     mShootTarget    |   commite Shoot Target Game                      |
|----------------------------------------------------------------------------------------------------|
|    2020-11-4     |  Mocki |     mShootTarget    |   add some blueprints of UMG                     |
|----------------------------------------------------------------------------------------------------|
|    2020-11-18    |  Mocki |     mShootTarget    |   add montages and new postures                  |
|----------------------------------------------------------------------------------------------------|
|    2020-11-27    |  Mocki |     mShootTarget    |   add physical materials & shoot resultes        |
|----------------------------------------------------------------------------------------------------|
|    2020-12-10    |  Mocki |     mShootTarget    |   add online shoot game projects parts           |
|----------------------------------------------------------------------------------------------------|
|    2020-12-15    |  Mocki |     mShootTarget    |   add 3 types of AI & update userinterface UMG   |
|----------------------------------------------------------------------------------------------------|